Nov 16, 2011 3:48:38 PM damas.data.GerenciadorLog grava
Informações: Configuracoes: 819	Configuracoes sem repeticao:697	Average evaluation of the chromosomes using only the weights -2.9642857142857144	Average evaluation of the chromosomes using Equation 1 -3.100921565207278	Average evaluation of the selected chromosomes 0.03751803751803757	Resultado: Computador
Dez 06, 2011 12:21:13 PM damas.data.GerenciadorLog grava
Informações: Configuracoes: 819	Configuracoes sem repeticao:697	Average evaluation of the chromosomes using only the weights -1.7252747252747254	Average evaluation of the chromosomes using Equation 1 -1.8634759623770631	Average evaluation of the selected chromosomes -0.4264479481870782	Resultado: Computador
Dez 06, 2011 12:41:40 PM damas.data.GerenciadorLog grava
Informações: Configuracoes: 819	Configuracoes sem repeticao:697	Average evaluation of the chromosomes using only the weights -1.7555898226676947	Average evaluation of the chromosomes using Equation 1 -1.9455651861203422	Average evaluation of the selected chromosomes 0.352673992673993	Resultado: Computador
Jan 08, 2012 10:59:12 PM damas.data.GerenciadorLog grava
Informações: Configuracoes: -1	Configuracoes sem repeticao:845	Average evaluation of the chromosomes using only the weights -2.2684563758389262	Average evaluation of the chromosomes using Equation 1 -1.9785567050594446	Average evaluation of the selected chromosomes NaN	Resultado: Computador
Jan 08, 2012 11:24:33 PM damas.data.GerenciadorLog grava
Informações: Configuracoes: -1	Configuracoes sem repeticao:846	Average evaluation of the chromosomes using only the weights -3.074074074074074	Average evaluation of the chromosomes using Equation 1 -2.976399778252949	Average evaluation of the selected chromosomes NaN	Resultado: Computador
Jan 13, 2012 7:41:27 PM damas.data.GerenciadorLog grava
Informações: Configuracoes: -1	Configuracoes sem repeticao:870	Average evaluation of the chromosomes using only the weights -3.4775956284153007	Average evaluation of the chromosomes using Equation 1 -3.7931501577772564	Average evaluation of the selected chromosomes NaN	Resultado: Computador
Jan 13, 2012 8:49:37 PM damas.data.GerenciadorLog grava
Informações: Configuracoes: -1	Configuracoes sem repeticao:889	Average evaluation of the chromosomes using only the weights -4.803973509933775	Average evaluation of the chromosomes using Equation 1 -4.684629338703107	Average evaluation of the selected chromosomes NaN	Resultado: Usuario
Jan 13, 2012 8:49:47 PM damas.data.GerenciadorLog grava
Informações: Configuracoes: -1	Configuracoes sem repeticao:889	Average evaluation of the chromosomes using only the weights NaN	Average evaluation of the chromosomes using Equation 1 NaN	Average evaluation of the selected chromosomes NaN	Resultado: Usuario
Jan 13, 2012 9:49:34 PM damas.data.GerenciadorLog grava
Informações: Configuracoes: -1	Configuracoes sem repeticao:912	Average evaluation of the chromosomes using only the weights -3.7865528281750267	Average evaluation of the chromosomes using Equation 1 -4.040471978086633	Average evaluation of the selected chromosomes NaN	Resultado: Usuario
Jan 13, 2012 9:56:09 PM damas.data.GerenciadorLog grava
Informações: Configuracoes: -1	Configuracoes sem repeticao:920	Average evaluation of the chromosomes using only the weights -2.7488584474885847	Average evaluation of the chromosomes using Equation 1 -3.1283904037475887	Average evaluation of the selected chromosomes NaN	Resultado: Usuario
Jan 13, 2012 10:05:53 PM damas.data.GerenciadorLog grava
Informações: Configuracoes: -1	Configuracoes sem repeticao:935	Average evaluation of the chromosomes using only the weights -6.036454018227009	Average evaluation of the chromosomes using Equation 1 -6.421657610704048	Average evaluation of the selected chromosomes NaN	Resultado: Computador
Jan 13, 2012 10:16:56 PM damas.data.GerenciadorLog grava
Informações: Configuracoes: -1	Configuracoes sem repeticao:942	Average evaluation of the chromosomes using only the weights -4.5	Average evaluation of the chromosomes using Equation 1 -4.596766701932753	Average evaluation of the selected chromosomes NaN	Resultado: Computador
Jan 13, 2012 10:29:07 PM damas.data.GerenciadorLog grava
Informações: Configuracoes: -1	Configuracoes sem repeticao:948	Average evaluation of the chromosomes using only the weights -3.3586030664395228	Average evaluation of the chromosomes using Equation 1 -3.6790230538365716	Average evaluation of the selected chromosomes NaN	Resultado: Usuario
Jan 13, 2012 10:31:58 PM damas.data.GerenciadorLog grava
Informações: Configuracoes: -1	Configuracoes sem repeticao:957	Average evaluation of the chromosomes using only the weights -3.233913043478261	Average evaluation of the chromosomes using Equation 1 -3.443282043188925	Average evaluation of the selected chromosomes NaN	Resultado: Computador
Jan 17, 2012 2:19:23 PM damas.data.GerenciadorLog grava
Informações: Configuracoes: -1	Configuracoes sem repeticao:965	Average evaluation of the chromosomes using only the weights -3.173444976076555	Average evaluation of the chromosomes using Equation 1 -3.6437532749778807	Average evaluation of the selected chromosomes NaN	Resultado: Usuario
