Fev 06, 2012 3:12:29 AM damas.data.GerenciadorLog grava
Informações: Configuracoes: 0	Configuracoes sem repeticao:0	Average evaluation of the chromosomes using only the weights -1.770806658130602	Average evaluation of the chromosomes using Equation 1 -1.770806658130602	Average evaluation of the selected chromosomes -2.625	Resultado: Usuario	Primeiro jogador: Computador	Dificuldade: 0.0
Fev 06, 2012 3:17:49 AM damas.data.GerenciadorLog grava
Informações: Configuracoes: 0	Configuracoes sem repeticao:0	Average evaluation of the chromosomes using only the weights -3.148370497427101	Average evaluation of the chromosomes using Equation 1 -3.148370497427101	Average evaluation of the selected chromosomes -2.2564102564102564	Resultado: Usuario	Primeiro jogador: Usuario	Dificuldade: 72.5
Fev 06, 2012 3:20:17 AM damas.data.GerenciadorLog grava
Informações: Configuracoes: 0	Configuracoes sem repeticao:0	Average evaluation of the chromosomes using only the weights -1.6221142162818956	Average evaluation of the chromosomes using Equation 1 -1.6221142162818956	Average evaluation of the selected chromosomes -3.0	Resultado: Usuario	Primeiro jogador: Computador	Dificuldade: 71.25
Fev 06, 2012 3:24:27 AM damas.data.GerenciadorLog grava
Informações: Configuracoes: 0	Configuracoes sem repeticao:0	Average evaluation of the chromosomes using only the weights -2.5544899738448126	Average evaluation of the chromosomes using Equation 1 -2.5544899738448126	Average evaluation of the selected chromosomes -2.0384615384615383	Resultado: Usuario	Primeiro jogador: Usuario	Dificuldade: 73.125
Fev 06, 2012 2:56:49 PM damas.data.GerenciadorLog grava
Informações: Configuracoes: 73	Configuracoes sem repeticao:73	Average evaluation of the chromosomes using only the weights -5.084452975047984	Average evaluation of the chromosomes using Equation 1 -4.629584834222906	Average evaluation of the selected chromosomes 1.0147945205479452	Resultado: Computador	Primeiro jogador: Computador	Dificuldade: 70.3125
Fev 06, 2012 3:01:37 PM damas.data.GerenciadorLog grava
Informações: Configuracoes: 87	Configuracoes sem repeticao:87	Average evaluation of the chromosomes using only the weights -2.071210579857579	Average evaluation of the chromosomes using Equation 1 -2.505022158300291	Average evaluation of the selected chromosomes -0.7392241379310345	Resultado: Empate	Primeiro jogador: Usuario	Dificuldade: 49.53125
Fev 06, 2012 3:05:37 PM damas.data.GerenciadorLog grava
Informações: Configuracoes: 102	Configuracoes sem repeticao:102	Average evaluation of the chromosomes using only the weights -3.4830970556161396	Average evaluation of the chromosomes using Equation 1 -4.050805054846377	Average evaluation of the selected chromosomes -1.8996078431372547	Resultado: Usuario	Primeiro jogador: Computador	Dificuldade: 44.865625
Fev 06, 2012 3:10:32 PM damas.data.GerenciadorLog grava
Informações: Configuracoes: 102	Configuracoes sem repeticao:102	Average evaluation of the chromosomes using only the weights -2.891149542217701	Average evaluation of the chromosomes using Equation 1 -2.8472662717172317	Average evaluation of the selected chromosomes -3.6116138763197583	Resultado: Usuario	Primeiro jogador: Usuario	Dificuldade: 44.865625
Fev 06, 2012 3:14:04 PM damas.data.GerenciadorLog grava
Informações: Configuracoes: 102	Configuracoes sem repeticao:102	Average evaluation of the chromosomes using only the weights -3.22613531047266	Average evaluation of the chromosomes using Equation 1 -3.973922840684013	Average evaluation of the selected chromosomes -0.5772549019607842	Resultado: Usuario	Primeiro jogador: Computador	Dificuldade: 65.97890625
Fev 06, 2012 3:18:13 PM damas.data.GerenciadorLog grava
Informações: Configuracoes: 139	Configuracoes sem repeticao:139	Average evaluation of the chromosomes using only the weights -2.786235662148071	Average evaluation of the chromosomes using Equation 1 -2.713468015993893	Average evaluation of the selected chromosomes -1.1330935251798557	Resultado: Computador	Primeiro jogador: Computador	Dificuldade: 69.289453125
Fev 06, 2012 3:21:41 PM damas.data.GerenciadorLog grava
Informações: Configuracoes: 139	Configuracoes sem repeticao:139	Average evaluation of the chromosomes using only the weights -6.625319693094629	Average evaluation of the chromosomes using Equation 1 -6.594960348856459	Average evaluation of the selected chromosomes 1.9359712230215826	Resultado: Computador	Primeiro jogador: Usuario	Dificuldade: 48.4447265625
Fev 06, 2012 3:26:04 PM damas.data.GerenciadorLog grava
Informações: Configuracoes: 139	Configuracoes sem repeticao:139	Average evaluation of the chromosomes using only the weights -3.7556237218813906	Average evaluation of the chromosomes using Equation 1 -4.0432463844874755	Average evaluation of the selected chromosomes -1.9534943473792399	Resultado: Usuario	Primeiro jogador: Computador	Dificuldade: 38.64736328125
Fev 06, 2012 3:29:08 PM damas.data.GerenciadorLog grava
Informações: Configuracoes: 139	Configuracoes sem repeticao:139	Average evaluation of the chromosomes using only the weights -1.8457389428263216	Average evaluation of the chromosomes using Equation 1 -1.9629267459818545	Average evaluation of the selected chromosomes -2.3828589302471066	Resultado: Usuario	Primeiro jogador: Usuario	Dificuldade: 38.64736328125
Fev 06, 2012 3:54:27 PM damas.data.GerenciadorLog grava
Informações: Configuracoes: 189	Configuracoes sem repeticao:189	Average evaluation of the chromosomes using only the weights -4.619161676646707	Average evaluation of the chromosomes using Equation 1 -5.245211164971669	Average evaluation of the selected chromosomes 2.5341510341510354	Resultado: Computador	Primeiro jogador: Computador	Dificuldade: 63.7993408203125
Fev 06, 2012 4:04:54 PM damas.data.GerenciadorLog grava
Informações: Configuracoes: 274	Configuracoes sem repeticao:274	Average evaluation of the chromosomes using only the weights -4.817441860465117	Average evaluation of the chromosomes using Equation 1 -5.167552198268535	Average evaluation of the selected chromosomes 1.1628054585845764	Resultado: Computador	Primeiro jogador: Usuario	Dificuldade: 48.03853759765625
Fev 06, 2012 4:08:09 PM damas.data.GerenciadorLog grava
Informações: Configuracoes: 274	Configuracoes sem repeticao:274	Average evaluation of the chromosomes using only the weights -2.0253807106598987	Average evaluation of the chromosomes using Equation 1 -2.541949189175841	Average evaluation of the selected chromosomes -1.8267827063447504	Resultado: Usuario	Primeiro jogador: Computador	Dificuldade: 48.03853759765625
Fev 06, 2012 4:12:44 PM damas.data.GerenciadorLog grava
Informações: Configuracoes: 274	Configuracoes sem repeticao:274	Average evaluation of the chromosomes using only the weights -4.038735983690112	Average evaluation of the chromosomes using Equation 1 -4.5216336674181745	Average evaluation of the selected chromosomes -1.81021897810219	Resultado: Usuario	Primeiro jogador: Usuario	Dificuldade: 55.209634399414064
Fev 06, 2012 4:16:00 PM damas.data.GerenciadorLog grava
Informações: Configuracoes: 274	Configuracoes sem repeticao:274	Average evaluation of the chromosomes using only the weights -6.319693094629156	Average evaluation of the chromosomes using Equation 1 -6.9130310327875995	Average evaluation of the selected chromosomes 0.5077372262773723	Resultado: Computador	Primeiro jogador: Computador	Dificuldade: 55.209634399414064
Fev 06, 2012 11:18:51 PM damas.data.GerenciadorLog grava
Informações: Configuracoes: 350	Configuracoes sem repeticao:350	Average evaluation of the chromosomes using only the weights -2.939703153988868	Average evaluation of the chromosomes using Equation 1 -3.5182878346143656	Average evaluation of the selected chromosomes -1.7980295566502464	Resultado: Usuario	Primeiro jogador: Computador	Dificuldade: 48.25240859985352
Fev 06, 2012 11:36:35 PM damas.data.GerenciadorLog grava
Informações: Configuracoes: 350	Configuracoes sem repeticao:350	Average evaluation of the chromosomes using only the weights -5.366525423728813	Average evaluation of the chromosomes using Equation 1 -5.84140435835353	Average evaluation of the selected chromosomes 2.6285714285714286	Resultado: Computador	Primeiro jogador: Usuario	Dificuldade: 60.42620429992676
Fev 06, 2012 11:48:34 PM damas.data.GerenciadorLog grava
Informações: Configuracoes: 350	Configuracoes sem repeticao:350	Average evaluation of the chromosomes using only the weights -3.199544764795144	Average evaluation of the chromosomes using Equation 1 -3.6159765879037615	Average evaluation of the selected chromosomes 0.1575091575091575	Resultado: Computador	Primeiro jogador: Computador	Dificuldade: 46.51310214996338
Fev 06, 2012 11:52:54 PM damas.data.GerenciadorLog grava
Informações: Configuracoes: 350	Configuracoes sem repeticao:350	Average evaluation of the chromosomes using only the weights -3.8358750907770514	Average evaluation of the chromosomes using Equation 1 -4.518103537711396	Average evaluation of the selected chromosomes -0.23412698412698413	Resultado: Usuario	Primeiro jogador: Usuario	Dificuldade: 46.51310214996338
Fev 06, 2012 11:55:23 PM damas.data.GerenciadorLog grava
Informações: Configuracoes: 350	Configuracoes sem repeticao:350	Average evaluation of the chromosomes using only the weights -2.8141509433962266	Average evaluation of the chromosomes using Equation 1 -3.540026954177891	Average evaluation of the selected chromosomes -1.8701298701298703	Resultado: Usuario	Primeiro jogador: Computador	Dificuldade: 53.87003312110901
Fev 07, 2012 12:00:46 AM damas.data.GerenciadorLog grava
Informações: Configuracoes: 350	Configuracoes sem repeticao:350	Average evaluation of the chromosomes using only the weights -3.906227106227106	Average evaluation of the chromosomes using Equation 1 -4.162009419152269	Average evaluation of the selected chromosomes 0.5476190476190477	Resultado: Computador	Primeiro jogador: Usuario	Dificuldade: 53.87003312110901
Fev 07, 2012 12:03:36 AM damas.data.GerenciadorLog grava
Informações: Configuracoes: 350	Configuracoes sem repeticao:350	Average evaluation of the chromosomes using only the weights -4.529126213592233	Average evaluation of the chromosomes using Equation 1 -4.90013869625522	Average evaluation of the selected chromosomes 1.7980295566502462	Resultado: Computador	Primeiro jogador: Computador	Dificuldade: 46.19635502099991
Fev 07, 2012 2:01:22 AM damas.data.GerenciadorLog grava
Informações: Configuracoes: 557	Configuracoes sem repeticao:557	Average evaluation of the chromosomes using only the weights -5.262942779291553	Average evaluation of the chromosomes using Equation 1 -5.6010962777432685	Average evaluation of the selected chromosomes 0.5962497506483144	Resultado: Computador	Primeiro jogador: Computador	Dificuldade: 39.398177510499956
Fev 07, 2012 2:03:32 AM damas.data.GerenciadorLog grava
Informações: Configuracoes: 557	Configuracoes sem repeticao:557	Average evaluation of the chromosomes using only the weights -5.494858611825193	Average evaluation of the chromosomes using Equation 1 -6.065765000715374	Average evaluation of the selected chromosomes 1.6546347916469812	Resultado: Computador	Primeiro jogador: Usuario	Dificuldade: 39.398177510499956
Fev 07, 2012 2:06:25 AM damas.data.GerenciadorLog grava
Informações: Configuracoes: 557	Configuracoes sem repeticao:557	Average evaluation of the chromosomes using only the weights -1.8469601677148848	Average evaluation of the chromosomes using Equation 1 -1.9792577035556687	Average evaluation of the selected chromosomes -2.6733160449497966	Resultado: Usuario	Primeiro jogador: Computador	Dificuldade: 27.11204437762499
Fev 07, 2012 2:18:51 AM damas.data.GerenciadorLog grava
Informações: Configuracoes: 557	Configuracoes sem repeticao:557	Average evaluation of the chromosomes using only the weights -3.073038073038073	Average evaluation of the chromosomes using Equation 1 -3.459027507501469	Average evaluation of the selected chromosomes 0.32332299657254765	Resultado: Usuario	Primeiro jogador: Usuario	Dificuldade: 49.856019804626705
Fev 07, 2012 2:23:29 AM damas.data.GerenciadorLog grava
Informações: Configuracoes: 557	Configuracoes sem repeticao:557	Average evaluation of the chromosomes using only the weights -2.918181818181818	Average evaluation of the chromosomes using Equation 1 -3.577855097407884	Average evaluation of the selected chromosomes 1.8385996409335728	Resultado: Computador	Primeiro jogador: Computador	Dificuldade: 58.72801109440625
