Fev 04, 2012 7:18:08 PM damas.data.GerenciadorLog grava
Informações: Configuracoes: 0	Configuracoes sem repeticao:0	Average evaluation of the chromosomes using only the weights -1.4412955465587045	Average evaluation of the chromosomes using Equation 1 -1.4412955465587045	Average evaluation of the selected chromosomes -4.48	Resultado: Usuario	Primeiro jogador: Usuario	Dificuldade: 0.0
Fev 04, 2012 7:24:17 PM damas.data.GerenciadorLog grava
Informações: Configuracoes: 0	Configuracoes sem repeticao:0	Average evaluation of the chromosomes using only the weights -3.9811996418979407	Average evaluation of the chromosomes using Equation 1 -3.9811996418979407	Average evaluation of the selected chromosomes -2.3214285714285716	Resultado: Usuario	Primeiro jogador: Usuario	Dificuldade: 71.25
Fev 04, 2012 7:26:21 PM damas.data.GerenciadorLog grava
Informações: Configuracoes: 0	Configuracoes sem repeticao:0	Average evaluation of the chromosomes using only the weights -5.221793635486982	Average evaluation of the chromosomes using Equation 1 -5.221793635486982	Average evaluation of the selected chromosomes 2.7142857142857144	Resultado: Computador	Primeiro jogador: Computador	Dificuldade: 71.25

3 empates

Fev 04, 2012 7:32:34 PM damas.data.GerenciadorLog grava
Informações: Configuracoes: 56	Configuracoes sem repeticao:29	Average evaluation of the chromosomes using only the weights -3.9449715370018974	Average evaluation of the chromosomes using Equation 1 -3.9907156410951354	Average evaluation of the selected chromosomes -1.1050420168067228	Resultado: Computador	Primeiro jogador: Usuario	Dificuldade: 44.8703125
Fev 04, 2012 7:34:42 PM damas.data.GerenciadorLog grava
Informações: Configuracoes: 56	Configuracoes sem repeticao:29	Average evaluation of the chromosomes using only the weights -3.271523178807947	Average evaluation of the chromosomes using Equation 1 -2.9792539532369244	Average evaluation of the selected chromosomes -2.502551020408163	Resultado: Usuario	Primeiro jogador: Computador	Dificuldade: 44.8703125
Fev 04, 2012 7:36:28 PM damas.data.GerenciadorLog grava
Informações: Configuracoes: 56	Configuracoes sem repeticao:29	Average evaluation of the chromosomes using only the weights -2.353437876960193	Average evaluation of the chromosomes using Equation 1 -1.5456660348095839	Average evaluation of the selected chromosomes -3.5476190476190474	Resultado: Usuario	Primeiro jogador: Usuario	Dificuldade: 67.926953125
Fev 04, 2012 7:37:52 PM damas.data.GerenciadorLog grava
Informações: Configuracoes: 56	Configuracoes sem repeticao:29	Average evaluation of the chromosomes using only the weights -4.653288740245262	Average evaluation of the chromosomes using Equation 1 -4.73092849179806	Average evaluation of the selected chromosomes -1.6242236024844718	Resultado: Usuario	Primeiro jogador: Computador	Dificuldade: 67.926953125
Fev 04, 2012 7:39:09 PM damas.data.GerenciadorLog grava
Informações: Configuracoes: 56	Configuracoes sem repeticao:29	Average evaluation of the chromosomes using only the weights -4.891304347826087	Average evaluation of the chromosomes using Equation 1 -4.427622498274678	Average evaluation of the selected chromosomes 2.4007936507936507	Resultado: Computador	Primeiro jogador: Usuario	Dificuldade: 68.78876953125
Fev 04, 2012 7:40:45 PM damas.data.GerenciadorLog grava
Informações: Configuracoes: 56	Configuracoes sem repeticao:29	Average evaluation of the chromosomes using only the weights -5.0	Average evaluation of the chromosomes using Equation 1 -4.956597222222231	Average evaluation of the selected chromosomes -0.40178571428571425	Resultado: Computador	Primeiro jogador: Computador	Dificuldade: 68.78876953125
Fev 04, 2012 7:42:31 PM damas.data.GerenciadorLog grava
Informações: Configuracoes: 56	Configuracoes sem repeticao:29	Average evaluation of the chromosomes using only the weights -2.6103038309114925	Average evaluation of the chromosomes using Equation 1 -2.534817890167961	Average evaluation of the selected chromosomes 1.7222222222222223	Resultado: Computador	Primeiro jogador: Usuario	Dificuldade: 74.6878173828125
Fev 04, 2012 7:46:41 PM damas.data.GerenciadorLog grava
Informações: Configuracoes: 56	Configuracoes sem repeticao:29	Average evaluation of the chromosomes using only the weights -3.1912144702842378	Average evaluation of the chromosomes using Equation 1 -3.624953857512	Average evaluation of the selected chromosomes -3.291925465838509	Resultado: Usuario	Primeiro jogador: Computador	Dificuldade: 74.6878173828125
Fev 04, 2012 7:48:40 PM damas.data.GerenciadorLog grava
Informações: Configuracoes: 56	Configuracoes sem repeticao:29	Average evaluation of the chromosomes using only the weights -4.14996114996115	Average evaluation of the chromosomes using Equation 1 -3.9695859695859554	Average evaluation of the selected chromosomes -0.7226890756302521	Resultado: Computador	Primeiro jogador: Usuario	Dificuldade: 69.52195434570312
Fev 04, 2012 8:33:34 PM damas.data.GerenciadorLog grava
Informações: Configuracoes: 56	Configuracoes sem repeticao:29	Average evaluation of the chromosomes using only the weights -1.8918099089989888	Average evaluation of the chromosomes using Equation 1 -1.9423660262891778	Average evaluation of the selected chromosomes 0.34693877551020413	Resultado: Computador	Primeiro jogador: Computador	Dificuldade: 69.52195434570312

2 Empates

Fev 04, 2012 8:40:39 PM damas.data.GerenciadorLog grava
Informações: Configuracoes: 209	Configuracoes sem repeticao:101	Average evaluation of the chromosomes using only the weights -4.539634146341464	Average evaluation of the chromosomes using Equation 1 -4.879035865717494	Average evaluation of the selected chromosomes 2.0116496775535673	Resultado: Computador	Primeiro jogador: Usuario	Dificuldade: 49.318559646606445

1 Empate

Fev 04, 2012 8:45:09 PM damas.data.GerenciadorLog grava
Informações: Configuracoes: 237	Configuracoes sem repeticao:114	Average evaluation of the chromosomes using only the weights -3.1960167714884697	Average evaluation of the chromosomes using Equation 1 -3.647590867676838	Average evaluation of the selected chromosomes -2.3124372111713885	Resultado: Usuario	Primeiro jogador: Usuario	Dificuldade: 51.86713991165161
Fev 04, 2012 8:46:21 PM damas.data.GerenciadorLog grava
Informações: Configuracoes: 237	Configuracoes sem repeticao:114	Average evaluation of the chromosomes using only the weights -0.9922737306843267	Average evaluation of the chromosomes using Equation 1 -0.892609979415246	Average evaluation of the selected chromosomes -1.805379746835443	Resultado: Usuario	Primeiro jogador: Computador	Dificuldade: 51.86713991165161
Fev 04, 2012 8:47:46 PM damas.data.GerenciadorLog grava
Informações: Configuracoes: 237	Configuracoes sem repeticao:114	Average evaluation of the chromosomes using only the weights -2.059250302297461	Average evaluation of the chromosomes using Equation 1 -2.0087398405093917	Average evaluation of the selected chromosomes -2.469409282700422	Resultado: Usuario	Primeiro jogador: Usuario	Dificuldade: 71.5369021654129
Fev 04, 2012 8:48:46 PM damas.data.GerenciadorLog grava
Informações: Configuracoes: 237	Configuracoes sem repeticao:114	Average evaluation of the chromosomes using only the weights -2.209445585215606	Average evaluation of the chromosomes using Equation 1 -2.367131928018782	Average evaluation of the selected chromosomes -1.6609796367638963	Resultado: Usuario	Primeiro jogador: Computador	Dificuldade: 71.5369021654129
Fev 04, 2012 8:50:11 PM damas.data.GerenciadorLog grava
Informações: Configuracoes: 237	Configuracoes sem repeticao:114	Average evaluation of the chromosomes using only the weights -3.348862405200433	Average evaluation of the chromosomes using Equation 1 -3.4457762478800076	Average evaluation of the selected chromosomes -0.1629495680128597	Resultado: Computador	Primeiro jogador: Usuario	Dificuldade: 71.77172554135322
Fev 04, 2012 8:51:20 PM damas.data.GerenciadorLog grava
Informações: Configuracoes: 237	Configuracoes sem repeticao:114	Average evaluation of the chromosomes using only the weights -2.4	Average evaluation of the chromosomes using Equation 1 -2.572573839662444	Average evaluation of the selected chromosomes -6.088032220943614	Resultado: Usuario	Primeiro jogador: Computador	Dificuldade: 71.77172554135322
Fev 04, 2012 8:53:35 PM damas.data.GerenciadorLog grava
Informações: Configuracoes: 237	Configuracoes sem repeticao:114	Average evaluation of the chromosomes using only the weights -3.0	Average evaluation of the chromosomes using Equation 1 -3.5761699347725813	Average evaluation of the selected chromosomes -0.5547953016307445	Resultado: Usuario	Primeiro jogador: Usuario	Dificuldade: 73.0804313853383
Fev 04, 2012 8:56:03 PM damas.data.GerenciadorLog grava
Informações: Configuracoes: 237	Configuracoes sem repeticao:114	Average evaluation of the chromosomes using only the weights -1.844903988183161	Average evaluation of the chromosomes using Equation 1 -1.9390148894664316	Average evaluation of the selected chromosomes -1.9312839059674503	Resultado: Usuario	Primeiro jogador: Computador	Dificuldade: 73.0804313853383
Fev 04, 2012 8:57:57 PM damas.data.GerenciadorLog grava
Informações: Configuracoes: 237	Configuracoes sem repeticao:114	Average evaluation of the chromosomes using only the weights -2.997427101200686	Average evaluation of the chromosomes using Equation 1 -3.190665913976156	Average evaluation of the selected chromosomes 1.5	Resultado: Computador	Primeiro jogador: Usuario	Dificuldade: 68.40760784633457
Fev 04, 2012 9:00:12 PM damas.data.GerenciadorLog grava
Informações: Configuracoes: 237	Configuracoes sem repeticao:114	Average evaluation of the chromosomes using only the weights -3.2291666666666665	Average evaluation of the chromosomes using Equation 1 -3.6440752461322012	Average evaluation of the selected chromosomes 1.1395530551648696	Resultado: Computador	Primeiro jogador: Computador	Dificuldade: 68.40760784633457
