Fev 06, 2012 12:20:35 AM damas.data.GerenciadorLog grava
Informações: Configuracoes: 0	Configuracoes sem repeticao:0	Average evaluation of the chromosomes using only the weights -4.093052109181142	Average evaluation of the chromosomes using Equation 1 -4.093052109181142	Average evaluation of the selected chromosomes 1.6521739130434783	Resultado: Computador	Primeiro jogador: Usuario	Dificuldade: 0.0
Fev 06, 2012 12:22:28 AM damas.data.GerenciadorLog grava
Informações: Configuracoes: 0	Configuracoes sem repeticao:0	Average evaluation of the chromosomes using only the weights -3.8964601769911504	Average evaluation of the chromosomes using Equation 1 -3.8964601769911504	Average evaluation of the selected chromosomes -2.03125	Resultado: Usuario	Primeiro jogador: Computador	Dificuldade: 0.0
Fev 06, 2012 12:23:20 AM damas.data.GerenciadorLog grava
Informações: Configuracoes: 0	Configuracoes sem repeticao:0	Average evaluation of the chromosomes using only the weights -2.9467640918580376	Average evaluation of the chromosomes using Equation 1 -2.9467640918580376	Average evaluation of the selected chromosomes -1.826086956521739	Resultado: Usuario	Primeiro jogador: Usuario	Dificuldade: 50.625
Fev 06, 2012 12:24:43 AM damas.data.GerenciadorLog grava
Informações: Configuracoes: 0	Configuracoes sem repeticao:0	Average evaluation of the chromosomes using only the weights -2.9265426052889323	Average evaluation of the chromosomes using Equation 1 -2.9265426052889323	Average evaluation of the selected chromosomes -1.6153846153846154	Resultado: Usuario	Primeiro jogador: Computador	Dificuldade: 50.625
Fev 06, 2012 12:26:09 AM damas.data.GerenciadorLog grava
Informações: Configuracoes: 0	Configuracoes sem repeticao:0	Average evaluation of the chromosomes using only the weights -3.190340909090909	Average evaluation of the chromosomes using Equation 1 -3.190340909090909	Average evaluation of the selected chromosomes -1.4814814814814814	Resultado: Usuario	Primeiro jogador: Usuario	Dificuldade: 65.15625
Fev 06, 2012 12:27:17 AM damas.data.GerenciadorLog grava
Informações: Configuracoes: 0	Configuracoes sem repeticao:0	Average evaluation of the chromosomes using only the weights -2.3743523316062176	Average evaluation of the chromosomes using Equation 1 -2.3743523316062176	Average evaluation of the selected chromosomes -1.3181818181818181	Resultado: Usuario	Primeiro jogador: Computador	Dificuldade: 65.15625
Fev 06, 2012 12:36:42 AM damas.data.GerenciadorLog grava
Informações: Configuracoes: 0	Configuracoes sem repeticao:0	Average evaluation of the chromosomes using only the weights -3.5731800766283524	Average evaluation of the chromosomes using Equation 1 -3.5731800766283524	Average evaluation of the selected chromosomes -0.3684210526315789	Resultado: Usuario	Primeiro jogador: Usuario	Dificuldade: 71.2890625
Fev 06, 2012 12:37:58 AM damas.data.GerenciadorLog grava
Informações: Configuracoes: 0	Configuracoes sem repeticao:0	Average evaluation of the chromosomes using only the weights -3.4171597633136095	Average evaluation of the chromosomes using Equation 1 -3.4171597633136095	Average evaluation of the selected chromosomes -2.4444444444444446	Resultado: Usuario	Primeiro jogador: Computador	Dificuldade: 71.2890625
Fev 06, 2012 12:38:59 AM damas.data.GerenciadorLog grava
Informações: Configuracoes: 0	Configuracoes sem repeticao:0	Average evaluation of the chromosomes using only the weights -2.8665132336018413	Average evaluation of the chromosomes using Equation 1 -2.8665132336018413	Average evaluation of the selected chromosomes -3.0869565217391304	Resultado: Usuario	Primeiro jogador: Usuario	Dificuldade: 69.423828125
Fev 06, 2012 12:41:45 AM damas.data.GerenciadorLog grava
Informações: Configuracoes: 0	Configuracoes sem repeticao:0	Average evaluation of the chromosomes using only the weights -4.225806451612903	Average evaluation of the chromosomes using Equation 1 -4.225806451612903	Average evaluation of the selected chromosomes 1.75	Resultado: Computador	Primeiro jogador: Usuario	Dificuldade: 69.0869140625
Fev 06, 2012 12:45:42 AM damas.data.GerenciadorLog grava
Informações: Configuracoes: 165	Configuracoes sem repeticao:86	Average evaluation of the chromosomes using only the weights -2.361744966442953	Average evaluation of the chromosomes using Equation 1 -1.9887533048607047	Average evaluation of the selected chromosomes -1.3754619364375462	Resultado: Usuario	Primeiro jogador: Computador	Dificuldade: 50.78369140625
Fev 06, 2012 12:47:19 AM damas.data.GerenciadorLog grava
Informações: Configuracoes: 165	Configuracoes sem repeticao:86	Average evaluation of the chromosomes using only the weights -2.8904267589388697	Average evaluation of the chromosomes using Equation 1 -2.8645625808255586	Average evaluation of the selected chromosomes -5.63973063973064	Resultado: Usuario	Primeiro jogador: Usuario	Dificuldade: 50.78369140625
Fev 06, 2012 12:48:52 AM damas.data.GerenciadorLog grava
Informações: Configuracoes: 165	Configuracoes sem repeticao:86	Average evaluation of the chromosomes using only the weights -3.538240917782027	Average evaluation of the chromosomes using Equation 1 -3.335448171968249	Average evaluation of the selected chromosomes -2.197458455522972	Resultado: Usuario	Primeiro jogador: Computador	Dificuldade: 65.9771728515625
Fev 06, 2012 1:42:11 AM damas.data.GerenciadorLog grava
Informações: Configuracoes: 216	Configuracoes sem repeticao:117	Average evaluation of the chromosomes using only the weights -2.6927252985884906	Average evaluation of the chromosomes using Equation 1 -2.0870028551896036	Average evaluation of the selected chromosomes -3.885668276972625	Resultado: Usuario	Primeiro jogador: Computador	Dificuldade: 70.44952392578125
Fev 06, 2012 1:44:23 AM damas.data.GerenciadorLog grava
Informações: Configuracoes: 216	Configuracoes sem repeticao:117	Average evaluation of the chromosomes using only the weights -3.867724867724868	Average evaluation of the chromosomes using Equation 1 -3.808663748992959	Average evaluation of the selected chromosomes -0.6089743589743587	Resultado: Usuario	Primeiro jogador: Usuario	Dificuldade: 70.44952392578125
Fev 06, 2012 1:45:49 AM damas.data.GerenciadorLog grava
Informações: Configuracoes: 216	Configuracoes sem repeticao:117	Average evaluation of the chromosomes using only the weights -2.40364400840925	Average evaluation of the chromosomes using Equation 1 -2.0347660204002085	Average evaluation of the selected chromosomes -0.12604540023894853	Resultado: Usuario	Primeiro jogador: Computador	Dificuldade: 74.48738098144531
Fev 06, 2012 1:47:01 AM damas.data.GerenciadorLog grava
Informações: Configuracoes: 216	Configuracoes sem repeticao:117	Average evaluation of the chromosomes using only the weights -2.9353233830845773	Average evaluation of the chromosomes using Equation 1 -2.6493305079540503	Average evaluation of the selected chromosomes -4.209339774557166	Resultado: Usuario	Primeiro jogador: Usuario	Dificuldade: 74.48738098144531
Fev 06, 2012 1:48:29 AM damas.data.GerenciadorLog grava
Informações: Configuracoes: 216	Configuracoes sem repeticao:117	Average evaluation of the chromosomes using only the weights -2.5184577522559475	Average evaluation of the chromosomes using Equation 1 -2.8211496976878405	Average evaluation of the selected chromosomes -0.4264550264550272	Resultado: Empate	Primeiro jogador: Empate	Dificuldade: 71.74684524536133
Fev 06, 2012 1:58:15 AM damas.data.GerenciadorLog grava
Informações: Configuracoes: 293	Configuracoes sem repeticao:293	Average evaluation of the chromosomes using only the weights -2.551752241238794	Average evaluation of the chromosomes using Equation 1 -2.69444606701881	Average evaluation of the selected chromosomes -1.0604425850489927	Resultado: Computador	Primeiro jogador: Usuario	Dificuldade: 57.848422622680665
Fev 06, 2012 1:59:35 AM damas.data.GerenciadorLog grava
Informações: Configuracoes: 293	Configuracoes sem repeticao:293	Average evaluation of the chromosomes using only the weights -3.001857585139319	Average evaluation of the chromosomes using Equation 1 -3.3300520926890735	Average evaluation of the selected chromosomes -0.8066859193139055	Resultado: Usuario	Primeiro jogador: Computador	Dificuldade: 57.848422622680665
Fev 06, 2012 2:00:46 AM damas.data.GerenciadorLog grava
Informações: Configuracoes: 293	Configuracoes sem repeticao:293	Average evaluation of the chromosomes using only the weights -5.709452736318408	Average evaluation of the chromosomes using Equation 1 -6.000149423530809	Average evaluation of the selected chromosomes 0.024484344858287453	Resultado: Computador	Primeiro jogador: Usuario	Dificuldade: 56.72460565567017
Fev 06, 2012 2:02:18 AM damas.data.GerenciadorLog grava
Informações: Configuracoes: 293	Configuracoes sem repeticao:293	Average evaluation of the chromosomes using only the weights -4.8951406649616365	Average evaluation of the chromosomes using Equation 1 -4.468592244732869	Average evaluation of the selected chromosomes 0.18712486760032973	Resultado: Computador	Primeiro jogador: Computador	Dificuldade: 56.72460565567017
Fev 06, 2012 2:05:04 AM damas.data.GerenciadorLog grava
Informações: Configuracoes: 355	Configuracoes sem repeticao:355	Average evaluation of the chromosomes using only the weights -2.221267454350161	Average evaluation of the chromosomes using Equation 1 -2.262114037609109	Average evaluation of the selected chromosomes -2.45254133496632	Resultado: Usuario	Primeiro jogador: Computador	Dificuldade: 35.50615141391754
Fev 06, 2012 2:06:03 AM damas.data.GerenciadorLog grava
Informações: Configuracoes: 355	Configuracoes sem repeticao:355	Average evaluation of the chromosomes using only the weights -2.2051792828685257	Average evaluation of the chromosomes using Equation 1 -2.2727961393861147	Average evaluation of the selected chromosomes -2.3014084507042254	Resultado: Usuario	Primeiro jogador: Usuario	Dificuldade: 35.50615141391754
Fev 06, 2012 2:07:46 AM damas.data.GerenciadorLog grava
Informações: Configuracoes: 355	Configuracoes sem repeticao:355	Average evaluation of the chromosomes using only the weights -2.7237762237762237	Average evaluation of the chromosomes using Equation 1 -2.6891066679799165	Average evaluation of the selected chromosomes -0.45220257716511814	Resultado: Empate	Primeiro jogador: Computador	Dificuldade: 66.45153725743293
Fev 06, 2012 2:09:30 AM damas.data.GerenciadorLog grava
Informações: Configuracoes: 399	Configuracoes sem repeticao:399	Average evaluation of the chromosomes using only the weights -4.012578616352202	Average evaluation of the chromosomes using Equation 1 -3.7343673649532745	Average evaluation of the selected chromosomes -0.9342587237324078	Resultado: Computador	Primeiro jogador: Computador	Dificuldade: 53.37576862871647
Fev 06, 2012 2:27:25 AM damas.data.GerenciadorLog grava
Informações: Configuracoes: 414	Configuracoes sem repeticao:414	Average evaluation of the chromosomes using only the weights -1.948291782086796	Average evaluation of the chromosomes using Equation 1 -1.998251412920802	Average evaluation of the selected chromosomes -1.5991948470209347	Resultado: Computador	Primeiro jogador: Usuario	Dificuldade: 38.03788431435824
Fev 06, 2012 2:30:12 AM damas.data.GerenciadorLog grava
Informações: Configuracoes: 440	Configuracoes sem repeticao:440	Average evaluation of the chromosomes using only the weights -4.179054054054054	Average evaluation of the chromosomes using Equation 1 -4.282964782964783	Average evaluation of the selected chromosomes -2.679653679653679	Resultado: Usuario	Primeiro jogador: Computador	Dificuldade: 29.743942157179116
Fev 06, 2012 2:41:24 AM damas.data.GerenciadorLog grava
Informações: Configuracoes: 450	Configuracoes sem repeticao:450	Average evaluation of the chromosomes using only the weights -1.5185185185185186	Average evaluation of the chromosomes using Equation 1 -1.4841776642542943	Average evaluation of the selected chromosomes -2.050925925925925	Resultado: Usuario	Primeiro jogador: Usuario	Dificuldade: 53.721970482543114
Fev 06, 2012 3:07:23 AM damas.data.GerenciadorLog grava
Informações: Configuracoes: 477	Configuracoes sem repeticao:477	Average evaluation of the chromosomes using only the weights -3.9317343173431736	Average evaluation of the chromosomes using Equation 1 -3.993234932349318	Average evaluation of the selected chromosomes 0.4660299712710614	Resultado: Computador	Primeiro jogador: Computador	Dificuldade: 65.63286024127156
